<?xml version="1.0" encoding="UTF-8"?>
<!-- Generated by org.testng.reporters.JUnitReportReporter -->
<testsuite hostname="DESKTOP-6D0GPUM" failures="0" tests="1" name="testScript.Sub_CategoryTest" time="11.467" errors="0" timestamp="2025-02-06T21:09:44 IST" skipped="0">
  <testcase classname="testScript.Sub_CategoryTest" name="userCanAbleToAddNewSub_Category" time="11.467"/>
</testsuite> <!-- testScript.Sub_CategoryTest -->
