<?xml version="1.0" encoding="UTF-8"?>
<!-- Generated by org.testng.reporters.JUnitReportReporter -->
<testsuite hostname="DESKTOP-6D0GPUM" failures="0" tests="1" name="testScript.HomeTest" time="7.534" errors="0" timestamp="2025-02-25T14:01:32 IST" skipped="0">
  <testcase classname="testScript.HomeTest" name="isTheUserAbleToLogout" time="7.534"/>
</testsuite> <!-- testScript.HomeTest -->
