<?xml version="1.0" encoding="UTF-8"?>
<!-- Generated by org.testng.reporters.JUnitReportReporter -->
<testsuite hostname="DESKTOP-6D0GPUM" failures="0" tests="1" name="testScript.HomeTest" time="7.549" errors="0" timestamp="2025-02-07T10:16:24 IST" skipped="0">
  <testcase classname="testScript.HomeTest" name="isTheUserAbleToLogout" time="7.549"/>
</testsuite> <!-- testScript.HomeTest -->
