<?xml version="1.0" encoding="UTF-8"?>
<!-- Generated by org.testng.reporters.JUnitReportReporter -->
<testsuite hostname="DESKTOP-6D0GPUM" failures="0" tests="1" name="testScript.ManageNewsTest" time="10.872" errors="0" timestamp="2025-02-11T13:38:18 IST" skipped="0">
  <testcase classname="testScript.ManageNewsTest" name="userCanEnterNewsOnTheNewsFieldOfManageNews" time="10.872"/>
</testsuite> <!-- testScript.ManageNewsTest -->
