<?xml version="1.0" encoding="UTF-8"?>
<!-- Generated by org.testng.reporters.JUnitReportReporter -->
<testsuite hostname="DESKTOP-6D0GPUM" failures="0" tests="1" name="testScript.SubCategoryTest" time="25.042" errors="0" timestamp="2025-02-13T15:12:30 IST" skipped="0">
  <testcase classname="testScript.SubCategoryTest" name="selectSubCategoryFromSearchListUsingCategoryAndSubCategoryName" time="25.042"/>
</testsuite> <!-- testScript.SubCategoryTest -->
