<?xml version="1.0" encoding="UTF-8"?>
<!-- Generated by org.testng.reporters.JUnitReportReporter -->
<testsuite hostname="DESKTOP-6D0GPUM" failures="0" tests="1" name="testScript.Sub_CategoryTest" time="11.952" errors="0" timestamp="2025-02-07T13:45:57 IST" skipped="0">
  <testcase classname="testScript.Sub_CategoryTest" name="selectSubCategoryFromSearchList" time="11.952"/>
</testsuite> <!-- testScript.Sub_CategoryTest -->
