<?xml version="1.0" encoding="UTF-8"?>
<!-- Generated by org.testng.reporters.JUnitReportReporter -->
<testsuite hostname="DESKTOP-6D0GPUM" failures="0" tests="1" name="testScript.LoginTest" time="12.207" errors="0" timestamp="2025-02-11T15:24:39 IST" skipped="0">
  <testcase classname="testScript.LoginTest" name="userLoginUsingValidUsernameAndValidPassword" time="12.207"/>
</testsuite> <!-- testScript.LoginTest -->
