<?xml version="1.0" encoding="UTF-8"?>
<!-- Generated by org.testng.reporters.JUnitReportReporter -->
<testsuite hostname="DESKTOP-6D0GPUM" failures="0" tests="1" name="testScript.CategoryTest" time="9.831" errors="0" timestamp="2025-02-07T10:53:11 IST" skipped="0">
  <testcase classname="testScript.CategoryTest" name="userCanAbleToResetTheCategoryList" time="9.831"/>
</testsuite> <!-- testScript.CategoryTest -->
