<?xml version="1.0" encoding="UTF-8"?>
<!-- Generated by org.testng.reporters.JUnitReportReporter -->
<testsuite hostname="DESKTOP-6D0GPUM" failures="0" tests="1" name="testScript.LoginTest" time="32.868" errors="0" timestamp="2025-02-10T14:07:53 IST" skipped="0">
  <testcase classname="testScript.LoginTest" name="userLoginUsingValidUsernameAndValidPassword" time="32.868"/>
</testsuite> <!-- testScript.LoginTest -->
