<?xml version="1.0" encoding="UTF-8"?>
<!-- Generated by org.testng.reporters.JUnitReportReporter -->
<testsuite hostname="DESKTOP-6D0GPUM" failures="0" tests="2" name="testScript.SubCategoryTest" time="18.535" errors="0" timestamp="2025-02-25T14:03:20 IST" skipped="0">
  <testcase classname="testScript.SubCategoryTest" name="selectSubCategoryFromSearchListUsingCategoryAndSubCategoryName" time="9.745"/>
  <testcase classname="testScript.SubCategoryTest" name="userCanAbleToAddNewSubCategoryUsingCategoryAndSubcategoryName" time="8.790"/>
</testsuite> <!-- testScript.SubCategoryTest -->
