<?xml version="1.0" encoding="UTF-8"?>
<!-- Generated by org.testng.reporters.JUnitReportReporter -->
<testsuite hostname="DESKTOP-6D0GPUM" failures="0" tests="1" name="testScript.ManageNewsTest" time="134.658" errors="0" timestamp="2025-02-10T14:17:07 IST" skipped="0">
  <testcase classname="testScript.ManageNewsTest" name="userCanEnterNewsOnTheNewsFieldOfManageNews" time="134.658"/>
</testsuite> <!-- testScript.ManageNewsTest -->
