<?xml version="1.0" encoding="UTF-8"?>
<!-- Generated by org.testng.reporters.JUnitReportReporter -->
<testsuite hostname="DESKTOP-6D0GPUM" failures="0" tests="1" name="testScript.ManageNewsTest" time="10.906" errors="0" timestamp="2025-02-20T16:43:40 IST" skipped="0">
  <testcase classname="testScript.ManageNewsTest" name="userCanEnterNewsOnTheNewsFieldOfManageNews" time="10.906"/>
</testsuite> <!-- testScript.ManageNewsTest -->
