<?xml version="1.0" encoding="UTF-8"?>
<!-- Generated by org.testng.reporters.JUnitReportReporter -->
<testsuite hostname="DESKTOP-6D0GPUM" failures="0" tests="1" name="testScript.AdminUserTest" time="12.406" errors="0" timestamp="2025-02-11T14:58:15 IST" skipped="0">
  <testcase classname="testScript.AdminUserTest" name="searchAdminUserUsingValidUsernameAndUserType" time="12.406"/>
</testsuite> <!-- testScript.AdminUserTest -->
