<?xml version="1.0" encoding="UTF-8"?>
<!-- Generated by org.testng.reporters.JUnitReportReporter -->
<testsuite hostname="DESKTOP-6D0GPUM" failures="0" tests="2" name="testScript.LoginTest" time="19.471" errors="0" timestamp="2025-02-20T21:35:39 IST" skipped="0">
  <testcase classname="testScript.LoginTest" name="userLoginUsingValidUsernameAndValidPassword" time="10.909"/>
  <testcase classname="testScript.LoginTest" name="userLoginUsingValidUsernameAndInvalidPassword" time="8.562"/>
</testsuite> <!-- testScript.LoginTest -->
