<?xml version="1.0" encoding="UTF-8"?>
<!-- Generated by org.testng.reporters.JUnitReportReporter -->
<testsuite hostname="DESKTOP-6D0GPUM" failures="0" tests="2" name="testScript.CategoryTest" time="15.176" errors="0" timestamp="2025-02-25T14:01:01 IST" skipped="0">
  <testcase classname="testScript.CategoryTest" name="userCanAbleToChooseFileAndGetImagePreview" time="8.280"/>
  <testcase classname="testScript.CategoryTest" name="userCanAbleToResetTheCategoryList" time="6.896"/>
</testsuite> <!-- testScript.CategoryTest -->
