<?xml version="1.0" encoding="UTF-8"?>
<!-- Generated by org.testng.reporters.JUnitReportReporter -->
<testsuite hostname="DESKTOP-6D0GPUM" failures="0" tests="1" name="testScript.SubCategoryTest" time="10.652" errors="0" timestamp="2025-02-20T16:40:21 IST" skipped="0">
  <testcase classname="testScript.SubCategoryTest" name="selectSubCategoryFromSearchListUsingCategoryAndSubCategoryName" time="10.652"/>
</testsuite> <!-- testScript.SubCategoryTest -->
