<?xml version="1.0" encoding="UTF-8"?>
<!-- Generated by org.testng.reporters.JUnitReportReporter -->
<testsuite hostname="DESKTOP-6D0GPUM" failures="0" tests="6" name="testScript.LoginTest" time="24.629" errors="0" timestamp="2025-02-27T15:09:00 IST" skipped="0">
  <testcase classname="testScript.LoginTest" name="userLoginUsingValidUsernameAndValidPassword" time="4.197"/>
  <testcase classname="testScript.LoginTest" name="userLoginUsingValidUsernameAndInvalidPassword" time="5.195"/>
  <testcase classname="testScript.LoginTest" name="userLoginUsingInvalidUsernameAndValidPassword" time="3.877"/>
  <testcase classname="testScript.LoginTest" name="userLoginUsingInvalidUsernameAndInvalidPassword" time="3.572"/>
  <testcase classname="testScript.LoginTest" name="userLoginUsingInvalidUsernameAndInvalidPassword" time="3.946"/>
  <testcase classname="testScript.LoginTest" name="userLoginUsingInvalidUsernameAndInvalidPassword" time="3.842"/>
</testsuite> <!-- testScript.LoginTest -->
