<?xml version="1.0" encoding="UTF-8"?>
<!-- Generated by org.testng.reporters.JUnitReportReporter -->
<testsuite hostname="DESKTOP-6D0GPUM" failures="0" tests="2" name="testScript.CategoryTest" time="17.248" errors="0" timestamp="2025-02-20T17:00:27 IST" skipped="0">
  <testcase classname="testScript.CategoryTest" name="userCanAbleToChooseFileAndGetImagePreview" time="9.998"/>
  <testcase classname="testScript.CategoryTest" name="userCanAbleToResetTheCategoryList" time="7.250"/>
</testsuite> <!-- testScript.CategoryTest -->
