<?xml version="1.0" encoding="UTF-8"?>
<!-- Generated by org.testng.reporters.JUnitReportReporter -->
<testsuite hostname="DESKTOP-6D0GPUM" failures="0" tests="1" name="testScript.LoginTest" time="7.053" errors="0" timestamp="2025-02-21T21:59:01 IST" skipped="0">
  <testcase classname="testScript.LoginTest" name="userLoginUsingValidUsernameAndValidPassword" time="7.053"/>
</testsuite> <!-- testScript.LoginTest -->
