<?xml version="1.0" encoding="UTF-8"?>
<!-- Generated by org.testng.reporters.JUnitReportReporter -->
<testsuite hostname="DESKTOP-6D0GPUM" failures="0" tests="1" name="testScript.CategoryTest" time="10.846" errors="0" timestamp="2025-02-14T12:53:23 IST" skipped="0">
  <testcase classname="testScript.CategoryTest" name="userCanAbleToResetTheCategoryList" time="10.846"/>
</testsuite> <!-- testScript.CategoryTest -->
