<?xml version="1.0" encoding="UTF-8"?>
<!-- Generated by org.testng.reporters.JUnitReportReporter -->
<testsuite hostname="DESKTOP-6D0GPUM" failures="0" tests="2" name="testScript.AdminUserTest" time="20.118" errors="0" timestamp="2025-02-25T14:00:27 IST" skipped="0">
  <testcase classname="testScript.AdminUserTest" name="addNewAdminUserWithValidCredentials" time="12.816"/>
  <testcase classname="testScript.AdminUserTest" name="searchAdminUserUsingValidUsernameAndUserType" time="7.302"/>
</testsuite> <!-- testScript.AdminUserTest -->
