<?xml version="1.0" encoding="UTF-8"?>
<!-- Generated by org.testng.reporters.JUnitReportReporter -->
<testsuite hostname="DESKTOP-6D0GPUM" failures="0" tests="6" name="testScript.LoginTest" time="26.958" errors="0" timestamp="2025-02-25T14:02:16 IST" skipped="0">
  <testcase classname="testScript.LoginTest" name="userLoginUsingValidUsernameAndValidPassword" time="6.820"/>
  <testcase classname="testScript.LoginTest" name="userLoginUsingValidUsernameAndInvalidPassword" time="4.177"/>
  <testcase classname="testScript.LoginTest" name="userLoginUsingInvalidUsernameAndValidPassword" time="3.746"/>
  <testcase classname="testScript.LoginTest" name="userLoginUsingInvalidUsernameAndInvalidPassword" time="3.977"/>
  <testcase classname="testScript.LoginTest" name="userLoginUsingInvalidUsernameAndInvalidPassword" time="3.889"/>
  <testcase classname="testScript.LoginTest" name="userLoginUsingInvalidUsernameAndInvalidPassword" time="4.349"/>
</testsuite> <!-- testScript.LoginTest -->
