<?xml version="1.0" encoding="UTF-8"?>
<!-- Generated by org.testng.reporters.JUnitReportReporter -->
<testsuite hostname="DESKTOP-6D0GPUM" failures="0" tests="1" name="testScript.HomeTest" time="14.806" errors="0" timestamp="2025-02-10T11:07:04 IST" skipped="0">
  <testcase classname="testScript.HomeTest" name="isTheUserAbleToLogout" time="14.806"/>
</testsuite> <!-- testScript.HomeTest -->
