<?xml version="1.0" encoding="UTF-8"?>
<!-- Generated by org.testng.reporters.JUnitReportReporter -->
<testsuite hostname="DESKTOP-6D0GPUM" failures="0" tests="1" name="testScript.Sub_CategoryTest" time="12.074" errors="0" timestamp="2025-02-10T19:15:52 IST" skipped="0">
  <testcase classname="testScript.Sub_CategoryTest" name="selectSubCategoryFromSearchList" time="12.074"/>
</testsuite> <!-- testScript.Sub_CategoryTest -->
