<?xml version="1.0" encoding="UTF-8"?>
<!-- Generated by org.testng.reporters.JUnitReportReporter -->
<testsuite hostname="DESKTOP-6D0GPUM" failures="0" tests="2" name="testScript.CategoryTest" time="17.864" errors="0" timestamp="2025-02-27T14:41:42 IST" skipped="0">
  <testcase classname="testScript.CategoryTest" name="userCanAbleToChooseFileAndGetImagePreview" time="10.387"/>
  <testcase classname="testScript.CategoryTest" name="userCanAbleToResetTheCategoryList" time="7.477"/>
</testsuite> <!-- testScript.CategoryTest -->
