<?xml version="1.0" encoding="UTF-8"?>
<!-- Generated by org.testng.reporters.JUnitReportReporter -->
<testsuite hostname="DESKTOP-6D0GPUM" failures="0" tests="1" name="testScript.AdminUserTest" time="11.496" errors="0" timestamp="2025-02-20T17:08:29 IST" skipped="0">
  <testcase classname="testScript.AdminUserTest" name="searchAdminUserUsingValidUsernameAndUserType" time="11.496"/>
</testsuite> <!-- testScript.AdminUserTest -->
