<?xml version="1.0" encoding="UTF-8"?>
<!-- Generated by org.testng.reporters.JUnitReportReporter -->
<testsuite hostname="DESKTOP-6D0GPUM" failures="0" tests="1" name="testScript.LoginTest" time="4.111" errors="0" timestamp="2025-01-23T19:48:46 IST" skipped="0">
  <testcase classname="testScript.LoginTest" name="userLoginWithInvalidUsernameAndValidPassword" time="4.111"/>
</testsuite> <!-- testScript.LoginTest -->
