<?xml version="1.0" encoding="UTF-8"?>
<!-- Generated by org.testng.reporters.JUnitReportReporter -->
<testsuite hostname="DESKTOP-6D0GPUM" failures="0" tests="2" name="testScript.LoginTest" time="6.775" errors="0" timestamp="2025-02-07T14:07:36 IST" skipped="0">
  <testcase classname="testScript.LoginTest" name="userLoginWithValidUsernameAndValidPassword" time="3.535"/>
  <testcase classname="testScript.LoginTest" name="userLoginWithInvalidUsernameAndInvalidPassword" time="3.240"/>
</testsuite> <!-- testScript.LoginTest -->
