<?xml version="1.0" encoding="UTF-8"?>
<!-- Generated by org.testng.reporters.JUnitReportReporter -->
<testsuite hostname="DESKTOP-6D0GPUM" failures="0" tests="2" name="testScript.LoginTest" time="38.186" errors="0" timestamp="2025-02-06T15:37:25 IST" skipped="0">
  <testcase classname="testScript.LoginTest" name="userLoginWithInvalidUsernameAndInvalidPassword" time="30.896"/>
  <testcase classname="testScript.LoginTest" name="userLoginWithInvalidUsernameAndInvalidPassword" time="7.290"/>
</testsuite> <!-- testScript.LoginTest -->
