<?xml version="1.0" encoding="UTF-8"?>
<!-- Generated by org.testng.reporters.JUnitReportReporter -->
<testsuite hostname="DESKTOP-6D0GPUM" failures="0" tests="2" name="testScript.LoginTest" time="7.411" errors="0" timestamp="2025-02-14T12:51:26 IST" skipped="0">
  <testcase classname="testScript.LoginTest" name="userLoginWithInvalidUsernameAndInvalidPassword" time="3.758"/>
  <testcase classname="testScript.LoginTest" name="userLoginWithInvalidUsernameAndValidPassword" time="3.653"/>
</testsuite> <!-- testScript.LoginTest -->
