<?xml version="1.0" encoding="UTF-8"?>
<!-- Generated by org.testng.reporters.JUnitReportReporter -->
<testsuite hostname="DESKTOP-6D0GPUM" failures="0" tests="1" name="testscript.TestNGAnnotations" time="0.011" errors="0" timestamp="2025-01-21T13:04:40 IST" skipped="0">
  <testcase classname="testscript.TestNGAnnotations" name="testCase1" time="0.011"/>
</testsuite> <!-- testscript.TestNGAnnotations -->
